2017-09-26 21:10:33 Warning: Warning (2): date(): It is not safe to rely on the system's timezone settings. You are *required* to use the date.timezone setting or the date_default_timezone_set() function. In case you used any of those methods and you are still getting this warning, you most likely misspelled the timezone identifier. We selected the timezone 'UTC' for now, but please set date.timezone to select your timezone. in [/Users/jtanveer/Data/Personal/web/workspace/mini_forum/lib/Cake/Log/Engine/FileLog.php, line 134]
Trace:
ErrorHandler::handleError() - CORE/Cake/Error/ErrorHandler.php, line 230
date - [internal], line ??
FileLog::write() - CORE/Cake/Log/Engine/FileLog.php, line 134
CakeLog::write() - CORE/Cake/Log/CakeLog.php, line 445
ErrorHandler::_log() - CORE/Cake/Error/ErrorHandler.php, line 188
ErrorHandler::handleException() - CORE/Cake/Error/ErrorHandler.php, line 118
[main] - [internal], line ??

2017-09-26 21:10:33 Error: [NotFoundException] Not Found
Request URL: /
Stack Trace:
#0 /Users/jtanveer/Data/Personal/web/workspace/mini_forum/lib/Cake/View/View.php(971): include()
#1 /Users/jtanveer/Data/Personal/web/workspace/mini_forum/lib/Cake/View/View.php(933): View->_evaluate('/Users/jtanveer...', Array)
#2 /Users/jtanveer/Data/Personal/web/workspace/mini_forum/lib/Cake/View/View.php(473): View->_render('/Users/jtanveer...')
#3 /Users/jtanveer/Data/Personal/web/workspace/mini_forum/lib/Cake/Controller/Controller.php(963): View->render('home', NULL)
#4 /Users/jtanveer/Data/Personal/web/workspace/mini_forum/app/Controller/PagesController.php(72): Controller->render('home')
#5 [internal function]: PagesController->display('home')
#6 /Users/jtanveer/Data/Personal/web/workspace/mini_forum/lib/Cake/Controller/Controller.php(491): ReflectionMethod->invokeArgs(Object(PagesController), Array)
#7 /Users/jtanveer/Data/Personal/web/workspace/mini_forum/lib/Cake/Routing/Dispatcher.php(193): Controller->invokeAction(Object(CakeRequest))
#8 /Users/jtanveer/Data/Personal/web/workspace/mini_forum/lib/Cake/Routing/Dispatcher.php(167): Dispatcher->_invoke(Object(PagesController), Object(CakeRequest))
#9 /Users/jtanveer/Data/Personal/web/workspace/mini_forum/app/webroot/index.php(118): Dispatcher->dispatch(Object(CakeRequest), Object(CakeResponse))
#10 /Users/jtanveer/Data/Personal/web/workspace/mini_forum/index.php(41): require('/Users/jtanveer...')
#11 {main}
